Virtual User Script started at: 10/04/2023 17:19:17
Starting action vuser_init.
Web Turbo Replay of LoadRunner 2021.1.0 for Windows 2008 R2; build 460 (abr 22 2021 19:27:24)  	[MsgId: MMSG-26983]
Run mode: HTML  	[MsgId: MMSG-26993]
Replay user agent: Mozilla/5.0 (compatible; MSIE 10.0; Windows NT 6.1; Trident/6.0)  	[MsgId: MMSG-26988]
Runtime Settings file: "C:\Users\E020585\Desktop\PRUEBAS_VUGEN\NuevosScripts\Liquidacion\SCR02_LIQUIDACIONES_AVISADOS\\default.cfg"  	[MsgId: MMSG-27141]
Vuser directory: "C:\Users\E020585\Desktop\PRUEBAS_VUGEN\NuevosScripts\Liquidacion\SCR02_LIQUIDACIONES_AVISADOS"  	[MsgId: MMSG-27052]
Vuser output directory: "C:\Users\E020585\Desktop\PRUEBAS_VUGEN\NuevosScripts\Liquidacion\SCR02_LIQUIDACIONES_AVISADOS"  	[MsgId: MMSG-27050]
Operating system's current working directory: "c:\users\e020585\desktop\pruebas_vugen\nuevosscripts\liquidacion\scr02_liquidaciones_avisados"  	[MsgId: MMSG-27048]
UTC (GMT) start date/time   : 2023-04-10 15:19:17  	[MsgId: MMSG-26992]
LOCAL start date/time       : 2023-04-10 17:19:17  	[MsgId: MMSG-26991]
Local daylight-Savings-Time : Yes  	[MsgId: MMSG-26990]
Some of the Runtime Settings:  	[MsgId: MMSG-27142]
    Download non-HTML resources: Yes  	[MsgId: MMSG-27018]
    Verification checks: No  	[MsgId: MMSG-27017]
    Convert from/to UTF-8: No  	[MsgId: MMSG-27016]
    Simulate a new user each iteration: Yes  	[MsgId: MMSG-27009]
    Non-critical item errors as warnings: Yes  	[MsgId: MMSG-27008]
    HTTP errors as warnings: No  	[MsgId: MMSG-27007]
    WinInet replay instead of Sockets: No  	[MsgId: MMSG-27006]
    HTTP version: 1.1  	[MsgId: MMSG-27005]
    Keep-Alive HTTP connections: Yes  	[MsgId: MMSG-27004]
    Max self Meta refresh updates: 2  	[MsgId: MMSG-27003]
    Obtaining the proxy settings from the default browser: No proxy is used (direct connection to the Internet)  	[MsgId: MMSG-26845]
    DNS caching: Yes  	[MsgId: MMSG-27035]
    Simulate browser cache: Yes  	[MsgId: MMSG-27034]
        Cache URLs requiring content (e.g., HTMLs): Yes  	[MsgId: MMSG-27033]
            Additional URLs requiring content: None  	[MsgId: MMSG-27032]
        Check for newer versions every visit to the page: No  	[MsgId: MMSG-27031]
    Page download timeout (sec): 120  	[MsgId: MMSG-27030]
    Resource Page Timeout is a Warning: No  	[MsgId: MMSG-27029]
    ContentCheck enabled: Yes  	[MsgId: MMSG-27028]
    ContentCheck script-level file: "C:\Users\E020585\Desktop\PRUEBAS_VUGEN\NuevosScripts\Liquidacion\SCR02_LIQUIDACIONES_AVISADOS\LrwiAedScript.xml"  	[MsgId: MMSG-27027]
    Enable Web Page Breakdown: No  	[MsgId: MMSG-27026]
    Enable connection data points: Yes  	[MsgId: MMSG-27023]
    Process socket after reschedule: Yes  	[MsgId: MMSG-27022]
    Snapshot on error: No  	[MsgId: MMSG-27021]
    Define each step as a transaction: No  	[MsgId: MMSG-27020]
    Read beyond Content-Length: No  	[MsgId: MMSG-26994]
    Parse HTML Content-Type: TEXT  	[MsgId: MMSG-26999]
    Graph hits per second and HTTP status codes: Yes  	[MsgId: MMSG-26998]
    Graph response bytes per second: Yes  	[MsgId: MMSG-26997]
    Graph pages per second: No  	[MsgId: MMSG-26996]
    Web recorder version ID: 8  	[MsgId: MMSG-26995]
vuser_init.c(3): web_set_sockets_option started  	[MsgId: MMSG-26355]
vuser_init.c(3): web_set_sockets_option was successful  	[MsgId: MMSG-26392]
vuser_init.c(4): web_set_max_html_param_len started  	[MsgId: MMSG-26355]
vuser_init.c(4): web_set_max_html_param_len was successful  	[MsgId: MMSG-26392]
vuser_init.c(6): web_add_header("Content-Type") started  	[MsgId: MMSG-26355]
vuser_init.c(6): Warning -26594: The header being added may cause unpredictable results if applied to ALL the URLs generated on behalf of the next script function. It will apply to the primary URL only.  	[MsgId: MWAR-26594]
vuser_init.c(6): "Content-Type: application/x-www-form-urlencoded" header registered for adding to requests from the immediately following Action function  	[MsgId: MMSG-26506]
vuser_init.c(6): web_add_header("Content-Type") highest severity level was "warning"  	[MsgId: MMSG-26391]
vuser_init.c(8): web_reg_save_param_ex started  	[MsgId: MMSG-26355]
vuser_init.c(8): Registering web_reg_save_param_ex was successful  	[MsgId: MMSG-26390]
vuser_init.c(15): web_submit_data("token") started  	[MsgId: MMSG-26355]
vuser_init.c(15): t=212ms: Connecting [0] to host 172.21.36.108:443  	[MsgId: MMSG-26000]
vuser_init.c(15): t=213ms: Connected socket [0] from 10.70.20.85:30000 to 172.21.36.108:443 in 1 ms  	[MsgId: MMSG-26000]
vuser_init.c(15): t=214ms: Trying to set SNI with servername pocisam.correospre.es  	[MsgId: MMSG-26000]
vuser_init.c(15): t=214ms: Setting SNI was succesful  	[MsgId: MMSG-26000]
vuser_init.c(15): t=223ms: 316-byte request headers for "https://pocisam.correospre.es/mga/sps/oauth/oauth20/token" (RelFrameId=1, Internal ID=1)
vuser_init.c(15):     POST /mga/sps/oauth/oauth20/token HTTP/1.1\r\n
vuser_init.c(15):     Content-Type: application/x-www-form-urlencoded\r\n
vuser_init.c(15):     Cache-Control: no-cache\r\n
vuser_init.c(15):     User-Agent: Mozilla/5.0 (compatible; MSIE 10.0; Windows NT 6.1; Trident/6.0)\r\n
vuser_init.c(15):     Accept-Encoding: gzip, deflate\r\n
vuser_init.c(15):     Accept: */*\r\n
vuser_init.c(15):     Connection: Keep-Alive\r\n
vuser_init.c(15):     Host: pocisam.correospre.es\r\n
vuser_init.c(15):     Content-Length: 93\r\n
vuser_init.c(15):     \r\n
vuser_init.c(15): t=228ms: 93-byte request body for "https://pocisam.correospre.es/mga/sps/oauth/oauth20/token" (RelFrameId=1, Internal ID=1)
vuser_init.c(15):     grant_type=client_credentials&client_id=hades&client_secret=PbCc1xzVLyg1878ti0US&scope=ope
vuser_init.c(15):     nid
vuser_init.c(15): t=428ms: 678-byte response headers for "https://pocisam.correospre.es/mga/sps/oauth/oauth20/token" (RelFrameId=1, Internal ID=1)
vuser_init.c(15):     HTTP/1.1 200 OK\r\n
vuser_init.c(15):     content-language: en-US\r\n
vuser_init.c(15):     content-type: application/json;charset=UTF-8\r\n
vuser_init.c(15):     date: Mon, 10 Apr 2023 15:19:54 GMT\r\n
vuser_init.c(15):     p3p: CP="NON CUR OTPi OUR NOR UNI"\r\n
vuser_init.c(15):     transfer-encoding: chunked\r\n
vuser_init.c(15):     access-control-allow-origin: *\r\n
vuser_init.c(15):     x-frame-options: SAMEORIGIN\r\n
vuser_init.c(15):     cache-control: no-store, no-cache=set-cookie\r\n
vuser_init.c(15):     expires: Thu, 01 Dec 1994 16:00:00 GMT\r\n
vuser_init.c(15):     strict-transport-security: max-age=31536000; includeSubDomains\r\n
vuser_init.c(15):     pragma: no-cache\r\n
vuser_init.c(15):     Set-Cookie: AMWEBJCT!%2Fmga!JSESSIONID=0000HgwVxf6ZEhgT3nxPedv9KqU:ce75908e-a1c0-4004-9a6e
vuser_init.c(15):     -dcb5e6f65225; Path=/; Secure; HttpOnly\r\n
vuser_init.c(15):     Set-Cookie: BIGipServerpool_pocisamv1.correospre.es_http=rd183o00000000000000000000ffffac1
vuser_init.c(15):     810eao443; path=/; Httponly; Secure\r\n
vuser_init.c(15):     \r\n
vuser_init.c(15): t=435ms: 5-byte chunked response overhead for "https://pocisam.correospre.es/mga/sps/oauth/oauth20/token" (RelFrameId=1, Internal ID=1)
vuser_init.c(15):     2f0\r\n
vuser_init.c(15): t=436ms: 7-byte chunked response overhead for "https://pocisam.correospre.es/mga/sps/oauth/oauth20/token" (RelFrameId=1, Internal ID=1)
vuser_init.c(15):     \r\n
vuser_init.c(15):     0\r\n
vuser_init.c(15):     \r\n
vuser_init.c(15): t=437ms: 752-byte chunked response body for "https://pocisam.correospre.es/mga/sps/oauth/oauth20/token" (RelFrameId=1, Internal ID=1)
vuser_init.c(15):     {"access_token":"fDqHH5jmLmb","scope":"openid","id_token":"eyJraWQiOiJBM1J4dXhNTTdyVEw2QXN
vuser_init.c(15):     ubUxTdHJtLVhya3AwZUk4YzVjalh2bDdtRDVRIiwiYWxnIjoiUlMyNTYifQ.eyJjb21wYW55TmFtZSI6Ik51ZXZvIF
vuser_init.c(15):     RNUyIsImlhdCI6MTY4MTEzOTk5NCwiaXNzIjoiaHR0cHM6Ly9wb2Npc2FtLmNvcnJlb3NwcmUuZXMiLCJhdF9oYXNo
vuser_init.c(15):     IjoiS19sTkY2ZktfR1NvOTJCWlp1RHhzUSIsInN1YiI6ImhhZGVzIiwiZXhwIjoxNjgxMTY4Nzk0LCJhdWQiOiJoYW
vuser_init.c(15):     RlcyJ9.gYRQmhwpfzbz3BvvZU3eHOd9Vm8cZKhwECTRvlAAFLOh13QySLWtwVIAwYPNs2LE375RhKtc1MLP8xUKcJc
vuser_init.c(15):     x6ZR9ehfS2BhTYRvrzOLq_d9qakcbW5F7Wi1Raq-FtLGXXyD0Cn0WpXt-r2d1knxj9weK_gvvIZOdZ3yV5Ity7SIPT
vuser_init.c(15):     062fdlfgpzhRTJ7FrlpOCkqzS5oK-5Hj6HXeJDodnJAASwckecgOWvFUe88gEjRWgjB0CTsgd950_McooxUN7VI8ql
vuser_init.c(15):     2sMLk7m9PoIB1GcLAgCvU_wVhoY16kmwB6XMG-WJiRngsApd47fpBIKOPQPX-ckO7StipffzAZElaJA","token_ty
vuser_init.c(15):     pe":"bearer","expires_in":28799}
vuser_init.c(15): Notify: Saving Parameter "token = eyJraWQiOiJBM1J4dXhNTTdyVEw2QXNubUxTdHJtLVhya3AwZUk4YzVjalh2bDdtRDVRIiwiYWxnIjoiUlMyNTYifQ.eyJjb21wYW55TmFtZSI6Ik51ZXZvIFRNUyIsImlhdCI6MTY4MTEzOTk5NCwiaXNzIjoiaHR0cHM6Ly9wb2Npc2FtLmNvcnJlb3NwcmUuZXMiLCJhdF9oYXNoIjoiS19sTkY2ZktfR1NvOTJCWlp1RHhzUSIsInN1YiI6ImhhZGVzIiwiZXhwIjoxNjgxMTY4Nzk0LCJhdWQiOiJoYWRlcyJ9.gYRQmhwpfzbz3BvvZU3eHOd9Vm8cZKhwECTRvlAAFLOh13QySLWtwVIAwYPNs2LE375RhKtc1MLP8xUKcJcx6ZR9ehfS2BhTYRvrzOLq_d9qakcbW5F7Wi1Raq-FtLGXXyD0Cn0WpXt-r2d1knxj9weK_gvvIZOdZ3yV5Ity7SIPT062fdlfgpzhRTJ7FrlpOCkqzS5oK-5Hj6HXeJDodnJAASwckecgOWvFUe88gEjRWgjB0CTsgd950_McooxUN7VI8ql2sMLk7m9PoIB1GcLAgCvU_wVhoY16kmwB6XMG-WJiRngsApd47fpBIKOPQPX-ckO7StipffzAZElaJA".
vuser_init.c(15): t=442ms: Request done "https://pocisam.correospre.es/mga/sps/oauth/oauth20/token"  	[MsgId: MMSG-26000]
vuser_init.c(15): web_submit_data("token") was successful, 752 body bytes, 678 header bytes, 12 chunking overhead bytes  	[MsgId: MMSG-26385]
Ending action vuser_init.
Running Vuser...
Starting iteration 1.
Warning -27077: The "vuser_init" section contains web function(s) when the "Simulate a new user on each iteration" Runtime Setting is ON.  This may produce unpredictable results with multiple iterations  	[MsgId: MWAR-27077]
Maximum number of concurrent connections per server: 6  	[MsgId: MMSG-26989]
Starting action L_Avisados.
L_Avisados.c(3): web_set_sockets_option started  	[MsgId: MMSG-26355]
L_Avisados.c(3): web_set_sockets_option was successful  	[MsgId: MMSG-26392]
L_Avisados.c(4): web_set_max_html_param_len started  	[MsgId: MMSG-26355]
L_Avisados.c(4): web_set_max_html_param_len was successful  	[MsgId: MMSG-26392]
L_Avisados.c(6): web_add_header("Content-Type") started  	[MsgId: MMSG-26355]
L_Avisados.c(6): Warning -26594: The header being added may cause unpredictable results if applied to ALL the URLs generated on behalf of the next script function. It will apply to the primary URL only.  	[MsgId: MWAR-26594]
L_Avisados.c(6): "Content-Type: application/x-www-form-urlencoded" header registered for adding to requests from the immediately following Action function  	[MsgId: MMSG-26506]
L_Avisados.c(6): web_add_header("Content-Type") highest severity level was "warning"  	[MsgId: MMSG-26391]
L_Avisados.c(10): Notify: Transaction "SCR02_LIQUIDACION_AVISADOSS_DELIVERY" started.
L_Avisados.c(46): Error: Failed to end Transaction "SCR02_LIQUIDACION_AVISADOS_DELIVERY" (by name). Please check that you made a call to start transaction operation.
L_Avisados.c(48): Notify: Transaction "SCR02_LIQUIDACION_AVISADOS_UNITRETURNS" started.
L_Avisados.c(50): web_rest("POST: https://api1-intapp.correospre.es/logistics/logist...") started  	[MsgId: MMSG-26355]
L_Avisados.c(50): Notify: Parameter Substitution: parameter "fec_actual" =  "2023-04-10T17:19:17+0100"
L_Avisados.c(50): Notify: Next row for parameter ruta_avisado = 1 [table  = ruta_avisado].
L_Avisados.c(50): Notify: Parameter Substitution: parameter "ruta_avisado" =  "PE01"
L_Avisados.c(50): Notify: Next row for parameter cod_centro_avisado = 1 [table  = cod_centro_avisado].
L_Avisados.c(50): Notify: Parameter Substitution: parameter "cod_centro_avisado" =  ""
L_Avisados.c(50): Notify: ****************   web_add_header is called internally from web_rest. The following messages are from web_add_header   *****************
L_Avisados.c(50): Notify: Parameter Substitution: parameter "token" =  "eyJraWQiOiJBM1J4dXhNTTdyVEw2QXNubUxTdHJtLVhya3AwZUk4YzVjalh2bDdtRDVRIiwiYWxnIjoiUlMyNTYifQ.eyJjb21wYW55TmFtZSI6Ik51ZXZvIFRNUyIsImlhdCI6MTY4MTEzOTk5NCwiaXNzIjoiaHR0cHM6Ly9wb2Npc2FtLmNvcnJlb3NwcmUuZXMiLCJhdF9oYXNoIjoiS19sTkY2ZktfR1NvOTJCWlp1RHhzUSIsInN1YiI6ImhhZGVzIiwiZXhwIjoxNjgxMTY4Nzk0LCJhdWQiOiJoYWRlcyJ9.gYRQmhwpfzbz3BvvZU3eHOd9Vm8cZKhwECTRvlAAFLOh13QySLWtwVIAwYPNs2LE375RhKtc1MLP8xUKcJcx6ZR9ehfS2BhTYRvrzOLq_d9qakcbW5F7Wi1Raq-FtLGXXyD0Cn0WpXt-r2d1knxj9weK_gvvIZOdZ3yV5Ity7SIPT062fdlfgpzhRTJ7FrlpOCkqzS5oK-5Hj6HXeJDodnJAASwckecgOWvFUe88gEjRWgjB0CTsgd950_McooxUN7VI8ql2sMLk7m9PoIB1GcLAgCvU_wVhoY16kmwB6XMG-WJiRngsApd47fpBIKOPQPX-ckO7StipffzAZElaJA"
L_Avisados.c(50): web_add_header("Authorization") started  	[MsgId: MMSG-26355]
L_Avisados.c(50): Warning -26594: The header being added may cause unpredictable results if applied to ALL the URLs generated on behalf of the next script function. It will apply to the primary URL only.  	[MsgId: MWAR-26594]
L_Avisados.c(50): "Authorization: Bearer eyJraWQiOiJBM1J4dXhNTTdyVEw2QXNubUxTdHJtLVhya3AwZUk4YzVjalh2bDdtRDVRIiwiYWxnIjoiUlMyNTYifQ.eyJjb21wYW55TmFtZSI6Ik51ZXZvIFRNUyIsImlhdCI6MTY4MTEzOTk5NCwiaXNzIjoiaHR0cHM6Ly9wb2Npc2FtLmNvcnJlb3NwcmUuZXMiLCJhdF9oYXNoIjoiS19sTkY2ZktfR1NvOTJCWlp1RHhzUSIsInN1YiI6ImhhZGVzIiwiZXhwIjoxNjgxMTY4Nzk0LCJhdWQiOiJoYWRlcyJ9.gYRQmhwpfzbz3BvvZU3eHOd9Vm8cZKhwECTRvlAAFLOh13QySLWtwVIAwYPNs2LE375RhKtc1MLP8xUKcJcx6ZR9ehfS2BhTYRvrzOLq_d9qakcbW5F7Wi1Raq-FtLGXXyD0Cn0WpXt-r2d1knxj9weK_gvvIZOdZ3yV5Ity7SIPT062fdlfgpzhRTJ7FrlpOCkqzS5oK-5Hj6HXeJDodnJAASwckecgOWvFUe88gEjRWgjB0CTsgd950_McooxUN7VI8ql2sMLk7m9PoIB1GcLAgCvU_wVhoY16kmwB6XMG-WJiRngsApd47fpBIKOPQPX-ckO7StipffzAZElaJA" header registered for adding to requests from the immediately following Action function  	[MsgId: MMSG-26506]
L_Avisados.c(50): web_add_header("Authorization") highest severity level was "warning"  	[MsgId: MMSG-26391]
L_Avisados.c(50): web_add_header("Content-Type") started  	[MsgId: MMSG-26355]
L_Avisados.c(50): Warning -26594: The header being added may cause unpredictable results if applied to ALL the URLs generated on behalf of the next script function. It will apply to the primary URL only.  	[MsgId: MWAR-26594]
L_Avisados.c(50): "Content-Type: application/json" header registered for adding to requests from the immediately following Action function  	[MsgId: MMSG-26506]
L_Avisados.c(50): web_add_header("Content-Type") highest severity level was "warning"  	[MsgId: MMSG-26391]
L_Avisados.c(50): Notify: ****************   End of messages from web_add_header   *****************
L_Avisados.c(50): t=532ms: Closed connection [0] to pocisam.correospre.es:443 after completing 1 request(s)  	[MsgId: MMSG-26000]
L_Avisados.c(50): t=532ms: Connecting [0] to host 172.17.163.184:443  	[MsgId: MMSG-26000]
L_Avisados.c(50): t=569ms: Connected socket [0] from 10.70.20.85:30001 to 172.17.163.184:443 in 37 ms  	[MsgId: MMSG-26000]
L_Avisados.c(50): t=570ms: Trying to set SNI with servername api1-intapp.correospre.es  	[MsgId: MMSG-26000]
L_Avisados.c(50): t=570ms: Setting SNI was succesful  	[MsgId: MMSG-26000]
L_Avisados.c(50): t=654ms: 989-byte request headers for "https://api1-intapp.correospre.es/logistics/logistics/api/v1/unitreturns" (RelFrameId=1, Internal ID=2)
L_Avisados.c(50):     POST /logistics/logistics/api/v1/unitreturns HTTP/1.1\r\n
L_Avisados.c(50):     Authorization: Bearer eyJraWQiOiJBM1J4dXhNTTdyVEw2QXNubUxTdHJtLVhya3AwZUk4YzVjalh2bDdtRDVR
L_Avisados.c(50):     IiwiYWxnIjoiUlMyNTYifQ.eyJjb21wYW55TmFtZSI6Ik51ZXZvIFRNUyIsImlhdCI6MTY4MTEzOTk5NCwiaXNzIjo
L_Avisados.c(50):     iaHR0cHM6Ly9wb2Npc2FtLmNvcnJlb3NwcmUuZXMiLCJhdF9oYXNoIjoiS19sTkY2ZktfR1NvOTJCWlp1RHhzUSIsI
L_Avisados.c(50):     nN1YiI6ImhhZGVzIiwiZXhwIjoxNjgxMTY4Nzk0LCJhdWQiOiJoYWRlcyJ9.gYRQmhwpfzbz3BvvZU3eHOd9Vm8cZK
L_Avisados.c(50):     hwECTRvlAAFLOh13QySLWtwVIAwYPNs2LE375RhKtc1MLP8xUKcJcx6ZR9ehfS2BhTYRvrzOLq_d9qakcbW5F7Wi1R
L_Avisados.c(50):     aq-FtLGXXyD0Cn0WpXt-r2d1knxj9weK_gvvIZOdZ3yV5Ity7SIPT062fdlfgpzhRTJ7FrlpOCkqzS5oK-5Hj6HXeJ
L_Avisados.c(50):     DodnJAASwckecgOWvFUe88gEjRWgjB0CTsgd950_McooxUN7VI8ql2sMLk7m9PoIB1GcLAgCvU_wVhoY16kmwB6XMG
L_Avisados.c(50):     -WJiRngsApd47fpBIKOPQPX-ckO7StipffzAZElaJA\r\n
L_Avisados.c(50):     Content-Type: application/json\r\n
L_Avisados.c(50):     Cache-Control: no-cache\r\n
L_Avisados.c(50):     User-Agent: Mozilla/5.0 (compatible; MSIE 10.0; Windows NT 6.1; Trident/6.0)\r\n
L_Avisados.c(50):     Accept-Encoding: gzip, deflate\r\n
L_Avisados.c(50):     Accept: */*\r\n
L_Avisados.c(50):     Connection: Keep-Alive\r\n
L_Avisados.c(50):     Host: api1-intapp.correospre.es\r\n
L_Avisados.c(50):     Content-Length: 162\r\n
L_Avisados.c(50):     \r\n
L_Avisados.c(50): t=655ms: 162-byte request body for "https://api1-intapp.correospre.es/logistics/logistics/api/v1/unitreturns" (RelFrameId=1, Internal ID=2)
L_Avisados.c(50):     {\r\n
L_Avisados.c(50):     "date": "2023-04-10T17:19:17+0100",\r\n
L_Avisados.c(50):     "deviceCode": "PDA1458763",\r\n
L_Avisados.c(50):     "interfaceCode": "INT5248967",\r\n
L_Avisados.c(50):     "route": "PE01",\r\n
L_Avisados.c(50):     "userCode": "P001234",\r\n
L_Avisados.c(50):     "centerId": ""\r\n
L_Avisados.c(50):     }\r\n
L_Avisados.c(50): t=833ms: 254-byte response headers for "https://api1-intapp.correospre.es/logistics/logistics/api/v1/unitreturns" (RelFrameId=1, Internal ID=2)
L_Avisados.c(50):     HTTP/1.1 500 Server Error\r\n
L_Avisados.c(50):     Content-Type: application/json; charset=UTF-8\r\n
L_Avisados.c(50):     Content-Length: 537\r\n
L_Avisados.c(50):     Date: Mon, 10 Apr 2023 15:19:17 GMT\r\n
L_Avisados.c(50):     Set-Cookie: 11318fb6d7dbcf31e30910e19b23fe19=4e018f4dcd1631e612a05d315ba0b4e9; path=/; Htt
L_Avisados.c(50):     pOnly; Secure; SameSite=None\r\n
L_Avisados.c(50):     \r\n
L_Avisados.c(50): t=835ms: 537-byte response body for "https://api1-intapp.correospre.es/logistics/logistics/api/v1/unitreturns" (RelFrameId=1, Internal ID=2)
L_Avisados.c(50):     {\n
L_Avisados.c(50):       "code": 500,\n
L_Avisados.c(50):       "apierror": {\n
L_Avisados.c(50):         "uuaa": "servicio vuelta unidad",\n
L_Avisados.c(50):         "version": "1.0.21-RC-SNAPSHOT",\n
L_Avisados.c(50):         "status": "INTERNAL_SERVER_ERROR",\n
L_Avisados.c(50):         "errorCode": "FEIGN_CLIENT_EXCEPTION",\n
L_Avisados.c(50):         "timestamp": "10-04-2023 05:19:18",\n
L_Avisados.c(50):         "message": "Response Code [404] - status 404 reading GroupClient#getGroupByDeliverySer
L_Avisados.c(50):     vice(String,Date,String) -- {\\"timestamp\\":\\"2023-04-10T17:19:18.153+0200\\",\\"status\\
L_Avisados.c(50):     ":404,\\"error\\":\\"Not Found\\",\\"message\\":\\"No message available\\",\\"path\\":\\"/
L_Avisados.c(50):     groups/group/PE01/2023-04-10T18:19:17+0200/\\"}"\n
L_Avisados.c(50):       }\n
L_Avisados.c(50):     }
L_Avisados.c(50): Error -26612: HTTP Status-Code=500 (Server Error) for "https://api1-intapp.correospre.es/logistics/logistics/api/v1/unitreturns"  	[MsgId: MERR-26612]
L_Avisados.c(50): t=836ms: Closing connection [0] to api1-intapp.correospre.es after receiving status code 500  	[MsgId: MMSG-26000]
L_Avisados.c(50): t=836ms: Closed connection [0] to api1-intapp.correospre.es:443 after completing 0 request(s)  	[MsgId: MMSG-26000]
L_Avisados.c(50): t=836ms: Request done "https://api1-intapp.correospre.es/logistics/logistics/api/v1/unitreturns"  	[MsgId: MMSG-26000]
L_Avisados.c(50): web_rest("POST: https://api1-intapp.correospre.es/logistics/logist...") highest severity level was "ERROR", 537 body bytes, 254 header bytes  	[MsgId: MMSG-26388]
L_Avisados.c(50): Notify: Transaction "SCR02_LIQUIDACION_AVISADOS_UNITRETURNS" ended with a "Fail" status (Duration: 0,3181 Wasted Time: 0,0070).
L_Avisados.c(50): Notify: Transaction "SCR02_LIQUIDACION_AVISADOS_UNITRETURNS" has 1 error message(s).
L_Avisados.c(50): Notify: The 1st error message associated with transaction "SCR02_LIQUIDACION_AVISADOS_UNITRETURNS" is "Error -26612: HTTP Status-Code=500 (Server Error) for "https://api1-intapp.correospre.es/logistics/logistics/api/v1/unitreturns""
L_Avisados.c(50): Notify: Transaction "SCR02_LIQUIDACION_AVISADOSS_DELIVERY" ended with a "Fail" status (Duration: 0,3220 Wasted Time: 0,0070).
L_Avisados.c(50): Notify: Transaction "SCR02_LIQUIDACION_AVISADOSS_DELIVERY" has 1 error message(s).
L_Avisados.c(50): Notify: The 1st error message associated with transaction "SCR02_LIQUIDACION_AVISADOSS_DELIVERY" is "Error -26612: HTTP Status-Code=500 (Server Error) for "https://api1-intapp.correospre.es/logistics/logistics/api/v1/unitreturns""
Ending action L_Avisados.
Ending iteration 1.
Ending Vuser...
Starting action vuser_end.
Ending action vuser_end.
Vuser Terminated.
HTML-Mode memory management statistics: Reusable=0, NonReusable=0, CsMemBlockSize=4096, checks disabled  	[MsgId: MMSG-26000]
Vuser 0 (thread 5136), ended OK."
