Virtual User Script started at: 10/04/2023 16:05:38
Starting action vuser_init.
Web Turbo Replay of LoadRunner 2021.1.0 for Windows 2008 R2; build 460 (abr 22 2021 19:27:24)  	[MsgId: MMSG-26983]
Run mode: HTML  	[MsgId: MMSG-26993]
Replay user agent: Mozilla/5.0 (compatible; MSIE 10.0; Windows NT 6.1; Trident/6.0)  	[MsgId: MMSG-26988]
Runtime Settings file: "C:\Users\E020585\Desktop\PRUEBAS_VUGEN\NuevosScripts\Liquidacion\SCR02_LIQUIDACIONES_ENVIOS_BASICOS\\default.cfg"  	[MsgId: MMSG-27141]
Vuser directory: "C:\Users\E020585\Desktop\PRUEBAS_VUGEN\NuevosScripts\Liquidacion\SCR02_LIQUIDACIONES_ENVIOS_BASICOS"  	[MsgId: MMSG-27052]
Vuser output directory: "C:\Users\E020585\Desktop\PRUEBAS_VUGEN\NuevosScripts\Liquidacion\SCR02_LIQUIDACIONES_ENVIOS_BASICOS"  	[MsgId: MMSG-27050]
Operating system's current working directory: "c:\users\e020585\desktop\pruebas_vugen\nuevosscripts\liquidacion\scr02_liquidaciones_envios_basicos"  	[MsgId: MMSG-27048]
UTC (GMT) start date/time   : 2023-04-10 14:05:38  	[MsgId: MMSG-26992]
LOCAL start date/time       : 2023-04-10 16:05:38  	[MsgId: MMSG-26991]
Local daylight-Savings-Time : Yes  	[MsgId: MMSG-26990]
Some of the Runtime Settings:  	[MsgId: MMSG-27142]
    Download non-HTML resources: Yes  	[MsgId: MMSG-27018]
    Verification checks: No  	[MsgId: MMSG-27017]
    Convert from/to UTF-8: No  	[MsgId: MMSG-27016]
    Simulate a new user each iteration: Yes  	[MsgId: MMSG-27009]
    Non-critical item errors as warnings: Yes  	[MsgId: MMSG-27008]
    HTTP errors as warnings: No  	[MsgId: MMSG-27007]
    WinInet replay instead of Sockets: No  	[MsgId: MMSG-27006]
    HTTP version: 1.1  	[MsgId: MMSG-27005]
    Keep-Alive HTTP connections: Yes  	[MsgId: MMSG-27004]
    Max self Meta refresh updates: 2  	[MsgId: MMSG-27003]
    Obtaining the proxy settings from the default browser: No proxy is used (direct connection to the Internet)  	[MsgId: MMSG-26845]
    DNS caching: Yes  	[MsgId: MMSG-27035]
    Simulate browser cache: Yes  	[MsgId: MMSG-27034]
        Cache URLs requiring content (e.g., HTMLs): Yes  	[MsgId: MMSG-27033]
            Additional URLs requiring content: None  	[MsgId: MMSG-27032]
        Check for newer versions every visit to the page: No  	[MsgId: MMSG-27031]
    Page download timeout (sec): 120  	[MsgId: MMSG-27030]
    Resource Page Timeout is a Warning: No  	[MsgId: MMSG-27029]
    ContentCheck enabled: Yes  	[MsgId: MMSG-27028]
    ContentCheck script-level file: "C:\Users\E020585\Desktop\PRUEBAS_VUGEN\NuevosScripts\Liquidacion\SCR02_LIQUIDACIONES_ENVIOS_BASICOS\LrwiAedScript.xml"  	[MsgId: MMSG-27027]
    Enable Web Page Breakdown: No  	[MsgId: MMSG-27026]
    Enable connection data points: Yes  	[MsgId: MMSG-27023]
    Process socket after reschedule: Yes  	[MsgId: MMSG-27022]
    Snapshot on error: No  	[MsgId: MMSG-27021]
    Define each step as a transaction: No  	[MsgId: MMSG-27020]
    Read beyond Content-Length: No  	[MsgId: MMSG-26994]
    Parse HTML Content-Type: TEXT  	[MsgId: MMSG-26999]
    Graph hits per second and HTTP status codes: Yes  	[MsgId: MMSG-26998]
    Graph response bytes per second: Yes  	[MsgId: MMSG-26997]
    Graph pages per second: No  	[MsgId: MMSG-26996]
    Web recorder version ID: 8  	[MsgId: MMSG-26995]
vuser_init.c(4): web_set_sockets_option started  	[MsgId: MMSG-26355]
vuser_init.c(4): web_set_sockets_option was successful  	[MsgId: MMSG-26392]
vuser_init.c(5): web_set_max_html_param_len started  	[MsgId: MMSG-26355]
vuser_init.c(5): web_set_max_html_param_len was successful  	[MsgId: MMSG-26392]
vuser_init.c(7): web_add_header("Content-Type") started  	[MsgId: MMSG-26355]
vuser_init.c(7): Warning -26594: The header being added may cause unpredictable results if applied to ALL the URLs generated on behalf of the next script function. It will apply to the primary URL only.  	[MsgId: MWAR-26594]
vuser_init.c(7): "Content-Type: application/x-www-form-urlencoded" header registered for adding to requests from the immediately following Action function  	[MsgId: MMSG-26506]
vuser_init.c(7): web_add_header("Content-Type") highest severity level was "warning"  	[MsgId: MMSG-26391]
vuser_init.c(9): web_reg_save_param_ex started  	[MsgId: MMSG-26355]
vuser_init.c(9): Registering web_reg_save_param_ex was successful  	[MsgId: MMSG-26390]
vuser_init.c(16): web_submit_data("token") started  	[MsgId: MMSG-26355]
vuser_init.c(16): t=208ms: Connecting [0] to host 172.21.36.108:443  	[MsgId: MMSG-26000]
vuser_init.c(16): t=209ms: Connected socket [0] from 10.70.20.85:29056 to 172.21.36.108:443 in 1 ms  	[MsgId: MMSG-26000]
vuser_init.c(16): t=210ms: Trying to set SNI with servername pocisam.correospre.es  	[MsgId: MMSG-26000]
vuser_init.c(16): t=210ms: Setting SNI was succesful  	[MsgId: MMSG-26000]
vuser_init.c(16): t=219ms: 316-byte request headers for "https://pocisam.correospre.es/mga/sps/oauth/oauth20/token" (RelFrameId=1, Internal ID=1)
vuser_init.c(16):     POST /mga/sps/oauth/oauth20/token HTTP/1.1\r\n
vuser_init.c(16):     Content-Type: application/x-www-form-urlencoded\r\n
vuser_init.c(16):     Cache-Control: no-cache\r\n
vuser_init.c(16):     User-Agent: Mozilla/5.0 (compatible; MSIE 10.0; Windows NT 6.1; Trident/6.0)\r\n
vuser_init.c(16):     Accept-Encoding: gzip, deflate\r\n
vuser_init.c(16):     Accept: */*\r\n
vuser_init.c(16):     Connection: Keep-Alive\r\n
vuser_init.c(16):     Host: pocisam.correospre.es\r\n
vuser_init.c(16):     Content-Length: 93\r\n
vuser_init.c(16):     \r\n
vuser_init.c(16): t=228ms: 93-byte request body for "https://pocisam.correospre.es/mga/sps/oauth/oauth20/token" (RelFrameId=1, Internal ID=1)
vuser_init.c(16):     grant_type=client_credentials&client_id=hades&client_secret=PbCc1xzVLyg1878ti0US&scope=ope
vuser_init.c(16):     nid
vuser_init.c(16): t=465ms: 678-byte response headers for "https://pocisam.correospre.es/mga/sps/oauth/oauth20/token" (RelFrameId=1, Internal ID=1)
vuser_init.c(16):     HTTP/1.1 200 OK\r\n
vuser_init.c(16):     content-language: en-US\r\n
vuser_init.c(16):     content-type: application/json;charset=UTF-8\r\n
vuser_init.c(16):     date: Mon, 10 Apr 2023 14:06:16 GMT\r\n
vuser_init.c(16):     p3p: CP="NON CUR OTPi OUR NOR UNI"\r\n
vuser_init.c(16):     transfer-encoding: chunked\r\n
vuser_init.c(16):     access-control-allow-origin: *\r\n
vuser_init.c(16):     x-frame-options: SAMEORIGIN\r\n
vuser_init.c(16):     cache-control: no-store, no-cache=set-cookie\r\n
vuser_init.c(16):     expires: Thu, 01 Dec 1994 16:00:00 GMT\r\n
vuser_init.c(16):     strict-transport-security: max-age=31536000; includeSubDomains\r\n
vuser_init.c(16):     pragma: no-cache\r\n
vuser_init.c(16):     Set-Cookie: AMWEBJCT!%2Fmga!JSESSIONID=00000mqslbAOKnU8s9Y9VxXWe4x:ce75908e-a1c0-4004-9a6e
vuser_init.c(16):     -dcb5e6f65225; Path=/; Secure; HttpOnly\r\n
vuser_init.c(16):     Set-Cookie: BIGipServerpool_pocisamv1.correospre.es_http=rd183o00000000000000000000ffffac1
vuser_init.c(16):     810eao443; path=/; Httponly; Secure\r\n
vuser_init.c(16):     \r\n
vuser_init.c(16): t=473ms: 5-byte chunked response overhead for "https://pocisam.correospre.es/mga/sps/oauth/oauth20/token" (RelFrameId=1, Internal ID=1)
vuser_init.c(16):     2f0\r\n
vuser_init.c(16): t=473ms: 7-byte chunked response overhead for "https://pocisam.correospre.es/mga/sps/oauth/oauth20/token" (RelFrameId=1, Internal ID=1)
vuser_init.c(16):     \r\n
vuser_init.c(16):     0\r\n
vuser_init.c(16):     \r\n
vuser_init.c(16): t=474ms: 752-byte chunked response body for "https://pocisam.correospre.es/mga/sps/oauth/oauth20/token" (RelFrameId=1, Internal ID=1)
vuser_init.c(16):     {"access_token":"VP8POPkaGZg","scope":"openid","id_token":"eyJraWQiOiJBM1J4dXhNTTdyVEw2QXN
vuser_init.c(16):     ubUxTdHJtLVhya3AwZUk4YzVjalh2bDdtRDVRIiwiYWxnIjoiUlMyNTYifQ.eyJjb21wYW55TmFtZSI6Ik51ZXZvIF
vuser_init.c(16):     RNUyIsImlhdCI6MTY4MTEzNTU3NiwiaXNzIjoiaHR0cHM6Ly9wb2Npc2FtLmNvcnJlb3NwcmUuZXMiLCJhdF9oYXNo
vuser_init.c(16):     IjoiSktfVF9wcDZiSGpzV2lHVmhxSWs4QSIsInN1YiI6ImhhZGVzIiwiZXhwIjoxNjgxMTY0Mzc2LCJhdWQiOiJoYW
vuser_init.c(16):     RlcyJ9.sBM0wnp0BGHJNt_lhTfoti67SagVIYrEHeKHOM1R1dGQxMXWWJknuV_LvxmIJsCQzCV6r0vDho5RL87Pmc3
vuser_init.c(16):     uncvyMMShu8cHGB5uX3Cf7lOQ_rJZeL1HTvEjz8xJKhpVPiyEuBVJHXQUxzABTIgzPXFkPwu71R4QoujiVx3OsrUmO
vuser_init.c(16):     xJJgP6pugo2EXEfF6OC7ue3i69Hiy6Y67PioysK9dQKTxsooX4Xed1BU7aI0uWrg3v3VB0XxcmSsih92BXbg7WZbRN
vuser_init.c(16):     Go43isvRH0FGj-iCxM6h6H1kFfiuYFi3oEhLmiuHwJMInJjuh9F0IA0Js3H1wnZq0lMcLcduwHPgJ0g","token_ty
vuser_init.c(16):     pe":"bearer","expires_in":28799}
vuser_init.c(16): Notify: Saving Parameter "token = eyJraWQiOiJBM1J4dXhNTTdyVEw2QXNubUxTdHJtLVhya3AwZUk4YzVjalh2bDdtRDVRIiwiYWxnIjoiUlMyNTYifQ.eyJjb21wYW55TmFtZSI6Ik51ZXZvIFRNUyIsImlhdCI6MTY4MTEzNTU3NiwiaXNzIjoiaHR0cHM6Ly9wb2Npc2FtLmNvcnJlb3NwcmUuZXMiLCJhdF9oYXNoIjoiSktfVF9wcDZiSGpzV2lHVmhxSWs4QSIsInN1YiI6ImhhZGVzIiwiZXhwIjoxNjgxMTY0Mzc2LCJhdWQiOiJoYWRlcyJ9.sBM0wnp0BGHJNt_lhTfoti67SagVIYrEHeKHOM1R1dGQxMXWWJknuV_LvxmIJsCQzCV6r0vDho5RL87Pmc3uncvyMMShu8cHGB5uX3Cf7lOQ_rJZeL1HTvEjz8xJKhpVPiyEuBVJHXQUxzABTIgzPXFkPwu71R4QoujiVx3OsrUmOxJJgP6pugo2EXEfF6OC7ue3i69Hiy6Y67PioysK9dQKTxsooX4Xed1BU7aI0uWrg3v3VB0XxcmSsih92BXbg7WZbRNGo43isvRH0FGj-iCxM6h6H1kFfiuYFi3oEhLmiuHwJMInJjuh9F0IA0Js3H1wnZq0lMcLcduwHPgJ0g".
vuser_init.c(16): t=479ms: Request done "https://pocisam.correospre.es/mga/sps/oauth/oauth20/token"  	[MsgId: MMSG-26000]
vuser_init.c(16): web_submit_data("token") was successful, 752 body bytes, 678 header bytes, 12 chunking overhead bytes  	[MsgId: MMSG-26385]
Ending action vuser_init.
Running Vuser...
Starting iteration 1.
Warning -27077: The "vuser_init" section contains web function(s) when the "Simulate a new user on each iteration" Runtime Setting is ON.  This may produce unpredictable results with multiple iterations  	[MsgId: MWAR-27077]
Maximum number of concurrent connections per server: 6  	[MsgId: MMSG-26989]
Starting action L_EnviosBasicos.
L_EnviosBasicos.c(3): web_set_sockets_option started  	[MsgId: MMSG-26355]
L_EnviosBasicos.c(3): web_set_sockets_option was successful  	[MsgId: MMSG-26392]
L_EnviosBasicos.c(4): web_set_max_html_param_len started  	[MsgId: MMSG-26355]
L_EnviosBasicos.c(4): web_set_max_html_param_len was successful  	[MsgId: MMSG-26392]
L_EnviosBasicos.c(6): web_add_header("Content-Type") started  	[MsgId: MMSG-26355]
L_EnviosBasicos.c(6): Warning -26594: The header being added may cause unpredictable results if applied to ALL the URLs generated on behalf of the next script function. It will apply to the primary URL only.  	[MsgId: MWAR-26594]
L_EnviosBasicos.c(6): "Content-Type: application/x-www-form-urlencoded" header registered for adding to requests from the immediately following Action function  	[MsgId: MMSG-26506]
L_EnviosBasicos.c(6): web_add_header("Content-Type") highest severity level was "warning"  	[MsgId: MMSG-26391]
L_EnviosBasicos.c(10): Notify: Transaction "SCR02_LIQUIDACION_ENVIOS_BASICOS_DELIVERY" started.
L_EnviosBasicos.c(12): web_rest("POST: https://api1-intapp.correospre.es/logistics/logist...") started  	[MsgId: MMSG-26355]
L_EnviosBasicos.c(12): Notify: Parameter Substitution: parameter "fec_actual" =  "2023-04-10T16:05:39+0100"
L_EnviosBasicos.c(12): Notify: Next row for parameter cod_centro_basico = 1 [table  = cod_centro_basico].
L_EnviosBasicos.c(12): Notify: Parameter Substitution: parameter "cod_centro_basico" =  "1900009"
L_EnviosBasicos.c(12): Warning: The string '
"date": "2021-10-15T18:25:43+0100",
"latitude": 23.32,
"longitude": 23.32
' with parameter delimiters is not a parameter.
L_EnviosBasicos.c(12): Notify: Next row for parameter groupid_basico = 1 [table  = groupid_basico].
L_EnviosBasicos.c(12): Notify: Parameter Substitution: parameter "groupid_basico" =  "2000000001"
L_EnviosBasicos.c(12): Notify: Parameter Substitution: parameter "itemid_basico" =  "BUTMSRENDI2000000000001"
L_EnviosBasicos.c(12): Notify: Next row for parameter num_bulto_basico = 1 [table  = num_bulto_basico].
L_EnviosBasicos.c(12): Notify: Parameter Substitution: parameter "num_bulto_basico" =  "00001"
L_EnviosBasicos.c(12): Notify: Next row for parameter ruta_basico = 1 [table  = ruta_basico].
L_EnviosBasicos.c(12): Notify: Parameter Substitution: parameter "ruta_basico" =  "PC00"
L_EnviosBasicos.c(12): Notify: Parameter Substitution: parameter "fec_actual" =  "2023-04-10T16:05:39+0100"
L_EnviosBasicos.c(12): Notify: ****************   web_add_header is called internally from web_rest. The following messages are from web_add_header   *****************
L_EnviosBasicos.c(12): Notify: Parameter Substitution: parameter "token" =  "eyJraWQiOiJBM1J4dXhNTTdyVEw2QXNubUxTdHJtLVhya3AwZUk4YzVjalh2bDdtRDVRIiwiYWxnIjoiUlMyNTYifQ.eyJjb21wYW55TmFtZSI6Ik51ZXZvIFRNUyIsImlhdCI6MTY4MTEzNTU3NiwiaXNzIjoiaHR0cHM6Ly9wb2Npc2FtLmNvcnJlb3NwcmUuZXMiLCJhdF9oYXNoIjoiSktfVF9wcDZiSGpzV2lHVmhxSWs4QSIsInN1YiI6ImhhZGVzIiwiZXhwIjoxNjgxMTY0Mzc2LCJhdWQiOiJoYWRlcyJ9.sBM0wnp0BGHJNt_lhTfoti67SagVIYrEHeKHOM1R1dGQxMXWWJknuV_LvxmIJsCQzCV6r0vDho5RL87Pmc3uncvyMMShu8cHGB5uX3Cf7lOQ_rJZeL1HTvEjz8xJKhpVPiyEuBVJHXQUxzABTIgzPXFkPwu71R4QoujiVx3OsrUmOxJJgP6pugo2EXEfF6OC7ue3i69Hiy6Y67PioysK9dQKTxsooX4Xed1BU7aI0uWrg3v3VB0XxcmSsih92BXbg7WZbRNGo43isvRH0FGj-iCxM6h6H1kFfiuYFi3oEhLmiuHwJMInJjuh9F0IA0Js3H1wnZq0lMcLcduwHPgJ0g"
L_EnviosBasicos.c(12): web_add_header("Authorization") started  	[MsgId: MMSG-26355]
L_EnviosBasicos.c(12): Warning -26594: The header being added may cause unpredictable results if applied to ALL the URLs generated on behalf of the next script function. It will apply to the primary URL only.  	[MsgId: MWAR-26594]
L_EnviosBasicos.c(12): "Authorization: Bearer eyJraWQiOiJBM1J4dXhNTTdyVEw2QXNubUxTdHJtLVhya3AwZUk4YzVjalh2bDdtRDVRIiwiYWxnIjoiUlMyNTYifQ.eyJjb21wYW55TmFtZSI6Ik51ZXZvIFRNUyIsImlhdCI6MTY4MTEzNTU3NiwiaXNzIjoiaHR0cHM6Ly9wb2Npc2FtLmNvcnJlb3NwcmUuZXMiLCJhdF9oYXNoIjoiSktfVF9wcDZiSGpzV2lHVmhxSWs4QSIsInN1YiI6ImhhZGVzIiwiZXhwIjoxNjgxMTY0Mzc2LCJhdWQiOiJoYWRlcyJ9.sBM0wnp0BGHJNt_lhTfoti67SagVIYrEHeKHOM1R1dGQxMXWWJknuV_LvxmIJsCQzCV6r0vDho5RL87Pmc3uncvyMMShu8cHGB5uX3Cf7lOQ_rJZeL1HTvEjz8xJKhpVPiyEuBVJHXQUxzABTIgzPXFkPwu71R4QoujiVx3OsrUmOxJJgP6pugo2EXEfF6OC7ue3i69Hiy6Y67PioysK9dQKTxsooX4Xed1BU7aI0uWrg3v3VB0XxcmSsih92BXbg7WZbRNGo43isvRH0FGj-iCxM6h6H1kFfiuYFi3oEhLmiuHwJMInJjuh9F0IA0Js3H1wnZq0lMcLcduwHPgJ0g" header registered for adding to requests from the immediately following Action function  	[MsgId: MMSG-26506]
L_EnviosBasicos.c(12): web_add_header("Authorization") highest severity level was "warning"  	[MsgId: MMSG-26391]
L_EnviosBasicos.c(12): web_add_header("Content-Type") started  	[MsgId: MMSG-26355]
L_EnviosBasicos.c(12): Warning -26594: The header being added may cause unpredictable results if applied to ALL the URLs generated on behalf of the next script function. It will apply to the primary URL only.  	[MsgId: MWAR-26594]
L_EnviosBasicos.c(12): "Content-Type: application/json" header registered for adding to requests from the immediately following Action function  	[MsgId: MMSG-26506]
L_EnviosBasicos.c(12): web_add_header("Content-Type") highest severity level was "warning"  	[MsgId: MMSG-26391]
L_EnviosBasicos.c(12): Notify: ****************   End of messages from web_add_header   *****************
L_EnviosBasicos.c(12): t=568ms: Closed connection [0] to pocisam.correospre.es:443 after completing 1 request(s)  	[MsgId: MMSG-26000]
L_EnviosBasicos.c(12): t=568ms: Connecting [0] to host 172.17.164.228:443  	[MsgId: MMSG-26000]
L_EnviosBasicos.c(12): t=605ms: Connected socket [0] from 10.70.20.85:29057 to 172.17.164.228:443 in 37 ms  	[MsgId: MMSG-26000]
L_EnviosBasicos.c(12): t=606ms: Trying to set SNI with servername api1-intapp.correospre.es  	[MsgId: MMSG-26000]
L_EnviosBasicos.c(12): t=606ms: Setting SNI was succesful  	[MsgId: MMSG-26000]
L_EnviosBasicos.c(12): t=689ms: 986-byte request headers for "https://api1-intapp.correospre.es/logistics/logistics/api/v1/delivery" (RelFrameId=1, Internal ID=2)
L_EnviosBasicos.c(12):     POST /logistics/logistics/api/v1/delivery HTTP/1.1\r\n
L_EnviosBasicos.c(12):     Authorization: Bearer eyJraWQiOiJBM1J4dXhNTTdyVEw2QXNubUxTdHJtLVhya3AwZUk4YzVjalh2bDdtRDVR
L_EnviosBasicos.c(12):     IiwiYWxnIjoiUlMyNTYifQ.eyJjb21wYW55TmFtZSI6Ik51ZXZvIFRNUyIsImlhdCI6MTY4MTEzNTU3NiwiaXNzIjo
L_EnviosBasicos.c(12):     iaHR0cHM6Ly9wb2Npc2FtLmNvcnJlb3NwcmUuZXMiLCJhdF9oYXNoIjoiSktfVF9wcDZiSGpzV2lHVmhxSWs4QSIsI
L_EnviosBasicos.c(12):     nN1YiI6ImhhZGVzIiwiZXhwIjoxNjgxMTY0Mzc2LCJhdWQiOiJoYWRlcyJ9.sBM0wnp0BGHJNt_lhTfoti67SagVIY
L_EnviosBasicos.c(12):     rEHeKHOM1R1dGQxMXWWJknuV_LvxmIJsCQzCV6r0vDho5RL87Pmc3uncvyMMShu8cHGB5uX3Cf7lOQ_rJZeL1HTvEj
L_EnviosBasicos.c(12):     z8xJKhpVPiyEuBVJHXQUxzABTIgzPXFkPwu71R4QoujiVx3OsrUmOxJJgP6pugo2EXEfF6OC7ue3i69Hiy6Y67Pioy
L_EnviosBasicos.c(12):     sK9dQKTxsooX4Xed1BU7aI0uWrg3v3VB0XxcmSsih92BXbg7WZbRNGo43isvRH0FGj-iCxM6h6H1kFfiuYFi3oEhLm
L_EnviosBasicos.c(12):     iuHwJMInJjuh9F0IA0Js3H1wnZq0lMcLcduwHPgJ0g\r\n
L_EnviosBasicos.c(12):     Content-Type: application/json\r\n
L_EnviosBasicos.c(12):     Cache-Control: no-cache\r\n
L_EnviosBasicos.c(12):     User-Agent: Mozilla/5.0 (compatible; MSIE 10.0; Windows NT 6.1; Trident/6.0)\r\n
L_EnviosBasicos.c(12):     Accept-Encoding: gzip, deflate\r\n
L_EnviosBasicos.c(12):     Accept: */*\r\n
L_EnviosBasicos.c(12):     Connection: Keep-Alive\r\n
L_EnviosBasicos.c(12):     Host: api1-intapp.correospre.es\r\n
L_EnviosBasicos.c(12):     Content-Length: 516\r\n
L_EnviosBasicos.c(12):     \r\n
L_EnviosBasicos.c(12): t=690ms: 516-byte request body for "https://api1-intapp.correospre.es/logistics/logistics/api/v1/delivery" (RelFrameId=1, Internal ID=2)
L_EnviosBasicos.c(12):     {\r\n
L_EnviosBasicos.c(12):     "Delivery pods": [\r\n
L_EnviosBasicos.c(12):     {\r\n
L_EnviosBasicos.c(12):     "deliveryDate": "2023-04-10T16:05:39+0100"\r\n
L_EnviosBasicos.c(12):     }\r\n
L_EnviosBasicos.c(12):     ],\r\n
L_EnviosBasicos.c(12):     "assignedDeliveryPerson": "D0001",\r\n
L_EnviosBasicos.c(12):     "centerId": "1900009",\r\n
L_EnviosBasicos.c(12):     "changeProduct": 0,\r\n
L_EnviosBasicos.c(12):     "codired": "CR001",\r\n
L_EnviosBasicos.c(12):     "deliveryMethod": 1,\r\n
L_EnviosBasicos.c(12):     "email": "example@correos.com",\r\n
L_EnviosBasicos.c(12):     "firm": 1,\r\n
L_EnviosBasicos.c(12):     "gps": {\r\n
L_EnviosBasicos.c(12):     "date": "2021-10-15T18:25:43+0100",\r\n
L_EnviosBasicos.c(12):     "latitude": 23.32,\r\n
L_EnviosBasicos.c(12):     "longitude": 23.32\r\n
L_EnviosBasicos.c(12):     },\r\n
L_EnviosBasicos.c(12):     "groupId": 2000000001,\r\n
L_EnviosBasicos.c(12):     "itemCode": "BUTMSRENDI2000000000001",\r\n
L_EnviosBasicos.c(12):     "itemsQuantity": 00001,\r\n
L_EnviosBasicos.c(12):     "route": "PC00",\r\n
L_EnviosBasicos.c(12):     "serviceDate": "2023-04-10T16:05:39+0100",\r\n
L_EnviosBasicos.c(12):     "warningCode": "ARR001"\r\n
L_EnviosBasicos.c(12):     }\r\n
L_EnviosBasicos.c(12): t=737ms: 237-byte response headers for "https://api1-intapp.correospre.es/logistics/logistics/api/v1/delivery" (RelFrameId=1, Internal ID=2)
L_EnviosBasicos.c(12):     HTTP/1.1 400 Bad Request\r\n
L_EnviosBasicos.c(12):     Content-Type: application/json; charset=UTF-8\r\n
L_EnviosBasicos.c(12):     Content-Length: 43\r\n
L_EnviosBasicos.c(12):     Date: Mon, 10 Apr 2023 14:05:39 GMT\r\n
L_EnviosBasicos.c(12):     Set-Cookie: 11318fb6d7dbcf31e30910e19b23fe19=4e018f4dcd1631e612a05d315ba0b4e9; path=/; Htt
L_EnviosBasicos.c(12):     pOnly; Secure\r\n
L_EnviosBasicos.c(12):     \r\n
L_EnviosBasicos.c(12): t=739ms: 43-byte response body for "https://api1-intapp.correospre.es/logistics/logistics/api/v1/delivery" (RelFrameId=1, Internal ID=2)
L_EnviosBasicos.c(12):     {\n
L_EnviosBasicos.c(12):       "error": "Unable to process payload."\n
L_EnviosBasicos.c(12):     }
L_EnviosBasicos.c(12): Error -26631: HTTP Status-Code=400 (Bad Request) for "https://api1-intapp.correospre.es/logistics/logistics/api/v1/delivery"  	[MsgId: MERR-26631]
L_EnviosBasicos.c(12): t=739ms: Closing connection [0] to api1-intapp.correospre.es after receiving status code 400  	[MsgId: MMSG-26000]
L_EnviosBasicos.c(12): t=739ms: Closed connection [0] to api1-intapp.correospre.es:443 after completing 0 request(s)  	[MsgId: MMSG-26000]
L_EnviosBasicos.c(12): t=739ms: Request done "https://api1-intapp.correospre.es/logistics/logistics/api/v1/delivery"  	[MsgId: MMSG-26000]
L_EnviosBasicos.c(12): web_rest("POST: https://api1-intapp.correospre.es/logistics/logist...") highest severity level was "ERROR", 43 body bytes, 237 header bytes  	[MsgId: MMSG-26388]
L_EnviosBasicos.c(12): Notify: Transaction "SCR02_LIQUIDACION_ENVIOS_BASICOS_DELIVERY" ended with a "Fail" status (Duration: 0,1874 Wasted Time: 0,0068).
L_EnviosBasicos.c(12): Notify: Transaction "SCR02_LIQUIDACION_ENVIOS_BASICOS_DELIVERY" has 1 error message(s).
L_EnviosBasicos.c(12): Notify: The 1st error message associated with transaction "SCR02_LIQUIDACION_ENVIOS_BASICOS_DELIVERY" is "Error -26631: HTTP Status-Code=400 (Bad Request) for "https://api1-intapp.correospre.es/logistics/logistics/api/v1/delivery""
Ending action L_EnviosBasicos.
Ending iteration 1.
Ending Vuser...
Starting action vuser_end.
Ending action vuser_end.
Vuser Terminated.
HTML-Mode memory management statistics: Reusable=0, NonReusable=0, CsMemBlockSize=4096, checks disabled  	[MsgId: MMSG-26000]
Vuser 0 (thread 12684), ended OK."
